TN:
SF:src\polyfills.ts
FNF:0
FNH:0
LF:0
LH:0
BRF:0
BRH:0
end_of_record
TN:
SF:src\test.ts
FNF:0
FNH:0
DA:20,1
DA:35,1
DA:37,1
LF:3
LH:3
BRF:0
BRH:0
end_of_record
TN:
SF:src\app\app.component.ts
FNF:0
FNH:0
DA:8,1
DA:9,2
LF:2
LH:2
BRF:0
BRH:0
end_of_record
TN:
SF:src\app\auth-config.ts
FN:53,(anonymous_0)
FNF:1
FNH:1
FNDA:14,(anonymous_0)
DA:9,1
DA:14,1
DA:39,1
DA:54,14
DA:62,1
DA:71,1
DA:81,1
LF:7
LH:7
BRDA:9,0,0,1
BRDA:9,0,1,1
BRF:2
BRH:2
end_of_record
TN:
SF:src\app\about\about.component.ts
FNF:0
FNH:0
DA:8,1
LF:1
LH:1
BRF:0
BRH:0
end_of_record
TN:
SF:src\app\faq\faq.component.ts
FN:11,(anonymous_1)
FN:15,(anonymous_2)
FNF:2
FNH:2
FNDA:1,(anonymous_1)
FNDA:1,(anonymous_2)
DA:8,1
DA:9,1
DA:12,1
DA:16,1
LF:4
LH:4
BRF:0
BRH:0
end_of_record
TN:
SF:src\app\footer\footer.component.ts
FNF:0
FNH:0
DA:8,1
LF:1
LH:1
BRF:0
BRH:0
end_of_record
TN:
SF:src\app\home\home.component.ts
FNF:0
FNH:0
DA:8,1
LF:1
LH:1
BRF:0
BRH:0
end_of_record
TN:
SF:src\app\login\login.component.ts
FNF:0
FNH:0
DA:8,1
LF:1
LH:1
BRF:0
BRH:0
end_of_record
TN:
SF:src\app\material\material.module.ts
FNF:0
FNH:0
DA:123,1
LF:1
LH:1
BRF:0
BRH:0
end_of_record
TN:
SF:src\app\navigation\navigation.component.ts
FN:14,(anonymous_0)
FN:16,(anonymous_1)
FN:18,(anonymous_2)
FN:24,(anonymous_3)
FN:31,(anonymous_4)
FNF:5
FNH:3
FNDA:1,(anonymous_0)
FNDA:1,(anonymous_1)
FNDA:1,(anonymous_2)
FNDA:0,(anonymous_3)
FNDA:0,(anonymous_4)
DA:10,1
DA:11,1
DA:12,1
DA:14,1
DA:18,1
DA:25,0
DA:32,0
LF:7
LH:5
BRF:0
BRH:0
end_of_record
TN:
SF:src\app\page-not-found-component\page-not-found-component.component.ts
FNF:0
FNH:0
DA:8,1
LF:1
LH:1
BRF:0
BRH:0
end_of_record
TN:
SF:src\app\post\post.component.ts
FN:23,(anonymous_0)
FN:29,(anonymous_1)
FN:35,(anonymous_2)
FN:44,(anonymous_3)
FN:48,(anonymous_4)
FN:55,(anonymous_5)
FN:59,(anonymous_6)
FN:60,(anonymous_7)
FN:63,(anonymous_8)
FNF:9
FNH:4
FNDA:1,(anonymous_0)
FNDA:1,(anonymous_1)
FNDA:1,(anonymous_2)
FNDA:0,(anonymous_3)
FNDA:1,(anonymous_4)
FNDA:0,(anonymous_5)
FNDA:0,(anonymous_6)
FNDA:0,(anonymous_7)
FNDA:0,(anonymous_8)
DA:14,1
DA:16,1
DA:19,1
DA:20,1
DA:23,1
DA:24,1
DA:25,1
DA:26,1
DA:27,1
DA:30,1
DA:31,1
DA:32,1
DA:36,1
DA:37,1
DA:38,0
DA:40,1
DA:41,0
DA:43,1
DA:45,0
DA:46,0
DA:49,1
DA:50,1
DA:56,0
DA:60,0
DA:61,0
DA:63,0
DA:64,0
LF:27
LH:18
BRDA:30,0,0,1
BRDA:30,0,1,1
BRDA:31,1,0,1
BRDA:31,1,1,1
BRDA:37,2,0,0
BRDA:37,2,1,1
BRDA:40,3,0,0
BRDA:40,3,1,1
BRDA:50,4,0,1
BRDA:50,4,1,0
BRDA:55,5,0,0
BRDA:61,6,0,0
BRDA:61,6,1,0
BRF:13
BRH:7
end_of_record
TN:
SF:src\app\post-create\post-create.component.ts
FN:39,(anonymous_0)
FN:44,(anonymous_1)
FN:48,(anonymous_2)
FN:62,(anonymous_3)
FN:70,(anonymous_4)
FN:76,(anonymous_5)
FN:79,(anonymous_6)
FN:82,(anonymous_7)
FN:82,(anonymous_8)
FN:86,(anonymous_9)
FN:95,(anonymous_10)
FN:102,(anonymous_11)
FNF:12
FNH:2
FNDA:1,(anonymous_0)
FNDA:1,(anonymous_1)
FNDA:0,(anonymous_2)
FNDA:0,(anonymous_3)
FNDA:0,(anonymous_4)
FNDA:0,(anonymous_5)
FNDA:0,(anonymous_6)
FNDA:0,(anonymous_7)
FNDA:0,(anonymous_8)
FNDA:0,(anonymous_9)
FNDA:0,(anonymous_10)
FNDA:0,(anonymous_11)
DA:20,1
DA:22,1
DA:23,1
DA:24,1
DA:25,1
DA:27,1
DA:28,1
DA:29,1
DA:30,1
DA:33,1
DA:39,1
DA:40,1
DA:41,1
DA:42,1
DA:44,1
DA:49,0
DA:52,0
DA:53,0
DA:57,0
DA:59,0
DA:63,0
DA:65,0
DA:66,0
DA:71,0
DA:72,0
DA:73,0
DA:77,0
DA:79,0
DA:82,0
DA:83,0
DA:84,0
DA:85,0
DA:86,0
DA:87,0
DA:88,0
DA:90,0
DA:92,0
DA:95,0
DA:96,0
DA:97,0
DA:98,0
DA:99,0
DA:100,0
DA:102,0
DA:103,0
LF:45
LH:15
BRDA:44,0,0,0
BRDA:44,0,1,1
BRDA:49,1,0,0
BRDA:49,1,1,0
BRDA:52,2,0,0
BRDA:52,2,1,0
BRDA:65,3,0,0
BRDA:65,3,1,0
BRDA:86,4,0,0
BRDA:86,4,1,0
BRDA:86,5,0,0
BRDA:86,5,1,0
BRDA:96,6,0,0
BRDA:96,6,1,0
BRF:14
BRH:1
end_of_record
TN:
SF:src\app\post-edit\post-edit.component.ts
FN:31,(anonymous_0)
FN:34,(anonymous_1)
FN:38,(anonymous_2)
FN:52,(anonymous_3)
FN:60,(anonymous_4)
FN:66,(anonymous_5)
FN:69,(anonymous_6)
FNF:7
FNH:1
FNDA:1,(anonymous_0)
FNDA:0,(anonymous_1)
FNDA:0,(anonymous_2)
FNDA:0,(anonymous_3)
FNDA:0,(anonymous_4)
FNDA:0,(anonymous_5)
FNDA:0,(anonymous_6)
DA:14,1
DA:16,1
DA:17,1
DA:18,1
DA:19,1
DA:21,1
DA:22,1
DA:26,1
DA:32,1
DA:34,0
DA:39,0
DA:42,0
DA:43,0
DA:47,0
DA:49,0
DA:53,0
DA:55,0
DA:56,0
DA:61,0
DA:62,0
DA:63,0
DA:67,0
DA:69,0
LF:23
LH:9
BRDA:34,0,0,0
BRDA:34,0,1,0
BRDA:39,1,0,0
BRDA:39,1,1,0
BRDA:42,2,0,0
BRDA:42,2,1,0
BRDA:55,3,0,0
BRDA:55,3,1,0
BRF:8
BRH:0
end_of_record
TN:
SF:src\app\profile\profile.component.ts
FNF:0
FNH:0
DA:8,1
LF:1
LH:1
BRF:0
BRH:0
end_of_record
TN:
SF:src\app\profile-company\profile-company.component.ts
FN:16,(anonymous_0)
FN:18,(anonymous_1)
FN:22,(anonymous_2)
FN:23,(anonymous_3)
FNF:4
FNH:4
FNDA:1,(anonymous_0)
FNDA:1,(anonymous_1)
FNDA:1,(anonymous_2)
FNDA:1,(anonymous_3)
DA:13,1
DA:16,1
DA:19,1
DA:23,1
DA:24,1
DA:25,0
DA:26,0
LF:7
LH:5
BRDA:24,0,0,1
BRDA:24,0,1,0
BRDA:25,1,0,0
BRDA:25,1,1,0
BRF:4
BRH:1
end_of_record
TN:
SF:src\app\profile-company-edit\profile-company-edit.component.ts
FN:24,(anonymous_0)
FN:26,(anonymous_1)
FN:30,(anonymous_2)
FN:31,(anonymous_3)
FN:38,(anonymous_4)
FN:54,(anonymous_5)
FNF:6
FNH:4
FNDA:1,(anonymous_0)
FNDA:1,(anonymous_1)
FNDA:1,(anonymous_2)
FNDA:1,(anonymous_3)
FNDA:0,(anonymous_4)
FNDA:0,(anonymous_5)
DA:14,1
DA:16,1
DA:24,1
DA:27,1
DA:31,1
DA:32,1
DA:33,0
DA:34,0
DA:39,0
DA:41,0
DA:43,0
DA:54,0
DA:55,0
DA:56,0
DA:57,0
DA:59,0
LF:16
LH:6
BRDA:32,0,0,1
BRDA:32,0,1,0
BRDA:33,1,0,0
BRDA:33,1,1,0
BRDA:39,2,0,0
BRDA:39,2,1,0
BRDA:39,3,0,0
BRDA:39,3,1,0
BRDA:39,3,2,0
BRDA:39,3,3,0
BRDA:39,3,4,0
BRDA:55,4,0,0
BRDA:55,4,1,0
BRF:13
BRH:1
end_of_record
TN:
SF:src\app\profile-freelancer\profile-freelancer.component.ts
FN:16,(anonymous_0)
FN:18,(anonymous_1)
FN:22,(anonymous_2)
FN:23,(anonymous_3)
FNF:4
FNH:4
FNDA:1,(anonymous_0)
FNDA:1,(anonymous_1)
FNDA:1,(anonymous_2)
FNDA:1,(anonymous_3)
DA:13,1
DA:16,1
DA:19,1
DA:23,1
DA:24,1
DA:25,0
DA:26,0
LF:7
LH:5
BRDA:24,0,0,1
BRDA:24,0,1,0
BRDA:25,1,0,0
BRDA:25,1,1,0
BRF:4
BRH:1
end_of_record
TN:
SF:src\app\profile-freelancer-edit\profile-freelancer-edit.component.ts
FN:27,(anonymous_0)
FN:29,(anonymous_1)
FN:33,(anonymous_2)
FN:52,(anonymous_3)
FN:63,(anonymous_4)
FN:64,(anonymous_5)
FN:74,(anonymous_6)
FN:83,(anonymous_7)
FNF:8
FNH:4
FNDA:1,(anonymous_0)
FNDA:1,(anonymous_1)
FNDA:0,(anonymous_2)
FNDA:0,(anonymous_3)
FNDA:1,(anonymous_4)
FNDA:1,(anonymous_5)
FNDA:0,(anonymous_6)
FNDA:0,(anonymous_7)
DA:14,1
DA:16,1
DA:17,1
DA:18,1
DA:27,1
DA:30,1
DA:34,0
DA:37,0
DA:39,0
DA:52,0
DA:53,0
DA:54,0
DA:55,0
DA:57,0
DA:64,1
DA:65,1
DA:66,0
DA:67,0
DA:69,1
DA:70,0
DA:75,0
DA:76,0
DA:79,0
DA:84,0
LF:24
LH:9
BRDA:34,0,0,0
BRDA:34,0,1,0
BRDA:34,1,0,0
BRDA:34,1,1,0
BRDA:34,1,2,0
BRDA:34,1,3,0
BRDA:34,1,4,0
BRDA:34,1,5,0
BRDA:53,2,0,0
BRDA:53,2,1,0
BRDA:65,3,0,1
BRDA:65,3,1,0
BRDA:66,4,0,0
BRDA:66,4,1,0
BRDA:69,5,0,0
BRDA:69,5,1,0
BRDA:69,6,0,1
BRDA:69,6,1,0
BRDA:75,7,0,0
BRDA:75,7,1,0
BRF:20
BRH:2
end_of_record
TN:
SF:src\app\register\register.component.ts
FN:11,(anonymous_0)
FNF:1
FNH:1
FNDA:1,(anonymous_0)
DA:9,1
DA:12,1
LF:2
LH:2
BRF:0
BRH:0
end_of_record
TN:
SF:src\app\search\search.component.ts
FN:17,(anonymous_0)
FN:20,(anonymous_1)
FN:25,(anonymous_2)
FN:38,(anonymous_3)
FN:40,(anonymous_4)
FN:48,(anonymous_5)
FN:52,(anonymous_6)
FNF:7
FNH:3
FNDA:2,(anonymous_0)
FNDA:2,(anonymous_1)
FNDA:2,(anonymous_2)
FNDA:0,(anonymous_3)
FNDA:0,(anonymous_4)
FNDA:0,(anonymous_5)
FNDA:0,(anonymous_6)
DA:10,1
DA:11,2
DA:12,2
DA:13,2
DA:14,2
DA:15,2
DA:17,2
DA:22,2
DA:26,2
DA:27,2
DA:28,2
DA:30,2
DA:31,0
DA:33,2
DA:34,0
DA:37,0
DA:39,0
DA:40,0
DA:41,0
DA:49,0
DA:53,0
DA:54,0
LF:22
LH:13
BRDA:27,0,0,2
BRDA:27,0,1,0
BRDA:30,1,0,0
BRDA:30,1,1,2
BRDA:33,2,0,0
BRDA:33,2,1,2
BRF:6
BRH:3
end_of_record
TN:
SF:src\app\signup\signup.component.ts
FN:36,(anonymous_0)
FN:16,(anonymous_1)
FN:38,(anonymous_2)
FN:40,(anonymous_3)
FN:48,(anonymous_4)
FN:61,(anonymous_5)
FN:61,(anonymous_6)
FN:84,(anonymous_7)
FN:99,(anonymous_8)
FNF:9
FNH:4
FNDA:1,(anonymous_0)
FNDA:3,(anonymous_1)
FNDA:1,(anonymous_2)
FNDA:1,(anonymous_3)
FNDA:0,(anonymous_4)
FNDA:0,(anonymous_5)
FNDA:0,(anonymous_6)
FNDA:0,(anonymous_7)
FNDA:0,(anonymous_8)
DA:14,1
DA:15,1
DA:16,3
DA:33,1
DA:34,1
DA:36,1
DA:40,1
DA:41,1
DA:45,1
DA:48,1
DA:49,0
DA:50,0
DA:51,0
DA:54,0
DA:61,0
DA:62,0
DA:64,0
DA:65,0
DA:66,0
DA:67,0
DA:69,0
DA:71,0
DA:72,0
DA:74,0
DA:85,0
DA:100,0
DA:104,0
DA:109,0
LF:28
LH:10
BRDA:41,0,0,0
BRDA:41,0,1,1
BRDA:48,1,0,0
BRDA:48,1,1,1
BRDA:48,2,0,1
BRDA:48,2,1,1
BRDA:50,3,0,0
BRDA:50,3,1,0
BRDA:50,4,0,0
BRDA:50,4,1,0
BRDA:50,5,0,0
BRDA:50,5,1,0
BRDA:54,6,0,0
BRDA:54,6,1,0
BRDA:54,7,0,0
BRDA:54,7,1,0
BRDA:62,8,0,0
BRDA:62,8,1,0
BRDA:64,9,0,0
BRDA:64,9,1,0
BRDA:64,10,0,0
BRDA:64,10,1,0
BRDA:64,11,0,0
BRDA:64,11,1,0
BRDA:72,12,0,0
BRDA:72,12,1,0
BRDA:85,13,0,0
BRDA:85,13,1,0
BRDA:85,13,2,0
BRDA:85,13,3,0
BRDA:85,13,4,0
BRDA:85,13,5,0
BRDA:85,13,6,0
BRDA:85,13,7,0
BRDA:85,14,0,0
BRDA:85,14,1,0
BRDA:85,15,0,0
BRDA:85,15,1,0
BRDA:86,16,0,0
BRDA:86,16,1,0
BRDA:86,17,0,0
BRDA:86,17,1,0
BRDA:87,18,0,0
BRDA:87,18,1,0
BRDA:87,19,0,0
BRDA:87,19,1,0
BRDA:88,20,0,0
BRDA:88,20,1,0
BRDA:88,21,0,0
BRDA:88,21,1,0
BRDA:89,22,0,0
BRDA:89,22,1,0
BRDA:89,23,0,0
BRDA:89,23,1,0
BRDA:89,24,0,0
BRDA:89,24,1,0
BRDA:89,25,0,0
BRDA:89,25,1,0
BRDA:90,26,0,0
BRDA:90,26,1,0
BRDA:90,27,0,0
BRDA:90,27,1,0
BRDA:91,28,0,0
BRDA:91,28,1,0
BRDA:91,29,0,0
BRDA:91,29,1,0
BRDA:91,30,0,0
BRDA:91,30,1,0
BRDA:91,31,0,0
BRDA:91,31,1,0
BRDA:92,32,0,0
BRDA:92,32,1,0
BRDA:92,33,0,0
BRDA:92,33,1,0
BRDA:92,34,0,0
BRDA:92,34,1,0
BRDA:92,35,0,0
BRDA:92,35,1,0
BRDA:100,36,0,0
BRDA:100,36,1,0
BRDA:100,37,0,0
BRDA:100,37,1,0
BRDA:105,38,0,0
BRDA:105,38,1,0
BRDA:105,39,0,0
BRDA:105,39,1,0
BRDA:105,40,0,0
BRDA:105,40,1,0
BRDA:106,41,0,0
BRDA:106,41,1,0
BRDA:106,42,0,0
BRDA:106,42,1,0
BRDA:106,43,0,0
BRDA:106,43,1,0
BRDA:106,44,0,0
BRDA:106,44,1,0
BRDA:113,45,0,0
BRDA:113,45,1,0
BRDA:113,46,0,0
BRDA:113,46,1,0
BRDA:118,47,0,0
BRDA:118,47,1,0
BRDA:118,48,0,0
BRDA:118,48,1,0
BRDA:123,49,0,0
BRDA:123,49,1,0
BRDA:123,50,0,0
BRDA:123,50,1,0
BRDA:126,51,0,0
BRDA:126,51,1,0
BRDA:126,52,0,0
BRDA:126,52,1,0
BRDA:129,53,0,0
BRDA:129,53,1,0
BRDA:130,54,0,0
BRDA:130,54,1,0
BRDA:130,55,0,0
BRDA:130,55,1,0
BRDA:130,56,0,0
BRDA:130,56,1,0
BRDA:131,57,0,0
BRDA:131,57,1,0
BRDA:131,58,0,0
BRDA:131,58,1,0
BRDA:131,59,0,0
BRDA:131,59,1,0
BRDA:132,60,0,0
BRDA:132,60,1,0
BRDA:132,61,0,0
BRDA:132,61,1,0
BRDA:132,62,0,0
BRDA:132,62,1,0
BRDA:133,63,0,0
BRDA:133,63,1,0
BRDA:133,64,0,0
BRDA:133,64,1,0
BRDA:133,65,0,0
BRDA:133,65,1,0
BRF:138
BRH:4
end_of_record
TN:
SF:src\models\Company.ts
FN:8,(anonymous_0)
FN:14,(anonymous_1)
FN:17,(anonymous_2)
FN:21,(anonymous_3)
FN:24,(anonymous_4)
FNF:5
FNH:0
FNDA:0,(anonymous_0)
FNDA:0,(anonymous_1)
FNDA:0,(anonymous_2)
FNDA:0,(anonymous_3)
FNDA:0,(anonymous_4)
DA:9,0
DA:10,0
DA:11,0
DA:15,0
DA:18,0
DA:22,0
DA:25,0
LF:7
LH:0
BRF:0
BRH:0
end_of_record
TN:
SF:src\models\Freelancer.ts
FN:10,(anonymous_0)
FN:18,(anonymous_1)
FN:22,(anonymous_2)
FN:26,(anonymous_3)
FN:30,(anonymous_4)
FN:34,(anonymous_5)
FN:38,(anonymous_6)
FN:43,(anonymous_7)
FN:47,(anonymous_8)
FNF:9
FNH:1
FNDA:1,(anonymous_0)
FNDA:0,(anonymous_1)
FNDA:0,(anonymous_2)
FNDA:0,(anonymous_3)
FNDA:0,(anonymous_4)
FNDA:0,(anonymous_5)
FNDA:0,(anonymous_6)
FNDA:0,(anonymous_7)
FNDA:0,(anonymous_8)
DA:11,1
DA:12,1
DA:13,1
DA:14,1
DA:15,1
DA:19,0
DA:23,0
DA:27,0
DA:31,0
DA:35,0
DA:39,0
DA:44,0
DA:48,0
LF:13
LH:5
BRF:0
BRH:0
end_of_record
TN:
SF:src\models\category-enum.ts
FN:1,(anonymous_0)
FNF:1
FNH:1
FNDA:1,(anonymous_0)
DA:1,1
DA:2,1
DA:3,1
DA:4,1
LF:4
LH:4
BRDA:1,0,0,1
BRDA:1,0,1,1
BRF:2
BRH:2
end_of_record
TN:
SF:src\models\post.ts
FN:17,(anonymous_0)
FN:28,(anonymous_1)
FN:32,(anonymous_2)
FN:36,(anonymous_3)
FN:40,(anonymous_4)
FN:44,(anonymous_5)
FN:48,(anonymous_6)
FN:52,(anonymous_7)
FN:56,(anonymous_8)
FN:60,(anonymous_9)
FN:64,(anonymous_10)
FN:68,(anonymous_11)
FN:72,(anonymous_12)
FN:76,(anonymous_13)
FNF:14
FNH:0
FNDA:0,(anonymous_0)
FNDA:0,(anonymous_1)
FNDA:0,(anonymous_2)
FNDA:0,(anonymous_3)
FNDA:0,(anonymous_4)
FNDA:0,(anonymous_5)
FNDA:0,(anonymous_6)
FNDA:0,(anonymous_7)
FNDA:0,(anonymous_8)
FNDA:0,(anonymous_9)
FNDA:0,(anonymous_10)
FNDA:0,(anonymous_11)
FNDA:0,(anonymous_12)
FNDA:0,(anonymous_13)
DA:11,0
DA:12,0
DA:13,0
DA:14,0
DA:15,0
DA:18,0
DA:19,0
DA:20,0
DA:21,0
DA:22,0
DA:23,0
DA:24,0
DA:25,0
DA:29,0
DA:33,0
DA:37,0
DA:41,0
DA:45,0
DA:49,0
DA:53,0
DA:57,0
DA:61,0
DA:65,0
DA:69,0
DA:73,0
DA:77,0
LF:26
LH:0
BRDA:17,0,0,0
BRF:1
BRH:0
end_of_record
TN:
SF:src\models\user.ts
FN:12,(anonymous_0)
FN:22,(anonymous_1)
FN:26,(anonymous_2)
FN:30,(anonymous_3)
FN:35,(anonymous_4)
FN:39,(anonymous_5)
FN:43,(anonymous_6)
FN:46,(anonymous_7)
FN:50,(anonymous_8)
FN:54,(anonymous_9)
FN:58,(anonymous_10)
FN:62,(anonymous_11)
FN:66,(anonymous_12)
FN:70,(anonymous_13)
FNF:14
FNH:1
FNDA:1,(anonymous_0)
FNDA:0,(anonymous_1)
FNDA:0,(anonymous_2)
FNDA:0,(anonymous_3)
FNDA:0,(anonymous_4)
FNDA:0,(anonymous_5)
FNDA:0,(anonymous_6)
FNDA:0,(anonymous_7)
FNDA:0,(anonymous_8)
FNDA:0,(anonymous_9)
FNDA:0,(anonymous_10)
FNDA:0,(anonymous_11)
FNDA:0,(anonymous_12)
FNDA:0,(anonymous_13)
DA:13,1
DA:14,1
DA:15,1
DA:16,1
DA:17,1
DA:18,1
DA:19,1
DA:23,0
DA:27,0
DA:31,0
DA:36,0
DA:40,0
DA:44,0
DA:47,0
DA:51,0
DA:55,0
DA:59,0
DA:63,0
DA:67,0
DA:71,0
LF:20
LH:7
BRF:0
BRH:0
end_of_record
TN:
SF:src\models\enums\Category.ts
FN:1,(anonymous_0)
FNF:1
FNH:1
FNDA:1,(anonymous_0)
DA:1,1
DA:2,1
DA:3,1
DA:4,1
LF:4
LH:4
BRDA:1,0,0,1
BRDA:1,0,1,1
BRF:2
BRH:2
end_of_record
TN:
SF:src\providers\graph-auth-provider.ts
FN:7,(anonymous_0)
FN:9,(anonymous_1)
FN:9,(anonymous_2)
FNF:3
FNH:1
FNDA:8,(anonymous_0)
FNDA:0,(anonymous_1)
FNDA:0,(anonymous_2)
DA:5,8
DA:7,8
DA:9,0
DA:10,0
LF:4
LH:2
BRF:0
BRH:0
end_of_record
TN:
SF:src\services\auth.service.ts
FN:19,(anonymous_0)
FN:27,(anonymous_1)
FN:29,(anonymous_2)
FN:41,(anonymous_3)
FN:49,(anonymous_4)
FN:53,(anonymous_5)
FN:63,(anonymous_6)
FN:70,(anonymous_7)
FN:79,(anonymous_8)
FN:91,(anonymous_9)
FN:105,(anonymous_10)
FN:105,(anonymous_11)
FN:123,(anonymous_12)
FN:127,(anonymous_13)
FN:134,(anonymous_14)
FN:138,(anonymous_15)
FNF:16
FNH:5
FNDA:8,(anonymous_0)
FNDA:8,(anonymous_1)
FNDA:0,(anonymous_2)
FNDA:0,(anonymous_3)
FNDA:0,(anonymous_4)
FNDA:0,(anonymous_5)
FNDA:0,(anonymous_6)
FNDA:0,(anonymous_7)
FNDA:0,(anonymous_8)
FNDA:0,(anonymous_9)
FNDA:0,(anonymous_10)
FNDA:0,(anonymous_11)
FNDA:0,(anonymous_12)
FNDA:4,(anonymous_13)
FNDA:2,(anonymous_14)
FNDA:8,(anonymous_15)
DA:12,1
DA:13,8
DA:16,8
DA:17,8
DA:19,8
DA:20,8
DA:21,8
DA:22,8
DA:23,8
DA:26,8
DA:27,8
DA:31,0
DA:32,0
DA:34,0
DA:42,0
DA:50,0
DA:52,0
DA:53,0
DA:56,0
DA:64,0
DA:71,0
DA:80,0
DA:85,0
DA:92,0
DA:97,0
DA:105,0
DA:106,0
DA:109,0
DA:110,0
DA:113,0
DA:116,0
DA:124,0
DA:128,4
DA:135,2
DA:139,8
DA:140,8
LF:36
LH:15
BRDA:50,0,0,0
BRDA:50,0,1,0
BRDA:106,1,0,0
BRDA:106,1,1,0
BRDA:109,2,0,0
BRDA:109,2,1,0
BRDA:109,3,0,0
BRDA:109,3,1,0
BRDA:128,4,0,4
BRDA:128,4,1,0
BRDA:128,5,0,4
BRDA:128,5,1,0
BRF:12
BRH:2
end_of_record
TN:
SF:src\services\post.service.ts
FN:22,(anonymous_0)
FN:104,(anonymous_1)
FN:26,(anonymous_2)
FN:30,(anonymous_3)
FN:34,(anonymous_4)
FN:38,(anonymous_5)
FN:42,(anonymous_6)
FN:50,(anonymous_7)
FN:61,(anonymous_8)
FN:68,(anonymous_9)
FN:74,(anonymous_10)
FN:85,(anonymous_11)
FN:93,(anonymous_12)
FN:96,(anonymous_13)
FN:98,(anonymous_14)
FN:113,(anonymous_15)
FN:117,(anonymous_16)
FN:121,(anonymous_17)
FN:136,(anonymous_18)
FNF:19
FNH:4
FNDA:4,(anonymous_0)
FNDA:1,(anonymous_1)
FNDA:0,(anonymous_2)
FNDA:0,(anonymous_3)
FNDA:0,(anonymous_4)
FNDA:0,(anonymous_5)
FNDA:0,(anonymous_6)
FNDA:0,(anonymous_7)
FNDA:0,(anonymous_8)
FNDA:0,(anonymous_9)
FNDA:1,(anonymous_10)
FNDA:0,(anonymous_11)
FNDA:0,(anonymous_12)
FNDA:0,(anonymous_13)
FNDA:0,(anonymous_14)
FNDA:0,(anonymous_15)
FNDA:0,(anonymous_16)
FNDA:1,(anonymous_17)
FNDA:0,(anonymous_18)
DA:11,1
DA:13,4
DA:14,4
DA:15,4
DA:16,4
DA:17,4
DA:19,4
DA:20,4
DA:22,4
DA:27,0
DA:31,0
DA:35,0
DA:39,0
DA:43,0
DA:51,0
DA:52,0
DA:54,0
DA:62,0
DA:63,0
DA:65,0
DA:69,0
DA:75,1
DA:76,1
DA:78,1
DA:86,0
DA:94,0
DA:97,0
DA:99,0
DA:104,4
DA:105,1
DA:106,1
DA:107,0
DA:108,0
DA:110,1
DA:114,0
DA:118,0
DA:122,1
DA:124,0
DA:128,1
DA:132,1
DA:137,0
LF:41
LH:19
BRDA:107,0,0,0
BRDA:107,0,1,0
BRDA:52,1,0,0
BRDA:52,1,1,0
BRDA:63,2,0,0
BRDA:63,2,1,0
BRDA:76,3,0,1
BRDA:76,3,1,0
BRDA:122,4,0,0
BRDA:122,4,1,1
BRF:10
BRH:2
end_of_record
TN:
SF:src\services\user.service.ts
FN:25,(anonymous_0)
FN:39,(anonymous_1)
FN:39,(anonymous_2)
FN:95,(anonymous_3)
FN:95,(anonymous_4)
FN:100,(anonymous_5)
FN:111,(anonymous_6)
FN:111,(anonymous_7)
FN:116,(anonymous_8)
FN:123,(anonymous_9)
FN:123,(anonymous_10)
FN:173,(anonymous_11)
FN:178,(anonymous_12)
FN:186,(anonymous_13)
FN:197,(anonymous_14)
FN:201,(anonymous_15)
FN:205,(anonymous_16)
FN:208,(anonymous_17)
FNF:18
FNH:3
FNDA:8,(anonymous_0)
FNDA:4,(anonymous_1)
FNDA:4,(anonymous_2)
FNDA:0,(anonymous_3)
FNDA:0,(anonymous_4)
FNDA:0,(anonymous_5)
FNDA:0,(anonymous_6)
FNDA:0,(anonymous_7)
FNDA:0,(anonymous_8)
FNDA:0,(anonymous_9)
FNDA:0,(anonymous_10)
FNDA:0,(anonymous_11)
FNDA:0,(anonymous_12)
FNDA:0,(anonymous_13)
FNDA:0,(anonymous_14)
FNDA:0,(anonymous_15)
FNDA:0,(anonymous_16)
FNDA:0,(anonymous_17)
DA:17,1
DA:18,8
DA:19,8
DA:21,8
DA:25,8
DA:26,8
DA:31,8
DA:32,8
DA:39,8
DA:40,4
DA:42,4
DA:46,0
DA:49,0
DA:51,0
DA:58,0
DA:59,0
DA:70,0
DA:84,0
DA:87,0
DA:95,0
DA:96,0
DA:97,0
DA:100,0
DA:103,0
DA:111,0
DA:112,0
DA:113,0
DA:114,0
DA:116,0
DA:119,0
DA:123,0
DA:124,0
DA:127,0
DA:128,0
DA:132,0
DA:134,0
DA:135,0
DA:147,0
DA:148,0
DA:163,0
DA:166,0
DA:169,0
DA:174,0
DA:179,0
DA:180,0
DA:187,0
DA:188,0
DA:189,0
DA:191,0
DA:193,0
DA:194,0
DA:198,0
DA:202,0
DA:206,0
DA:209,0
DA:211,0
DA:214,0
DA:217,0
LF:58
LH:11
BRDA:40,0,0,4
BRDA:40,0,1,0
BRDA:42,1,0,4
BRDA:42,1,1,0
BRDA:58,2,0,0
BRDA:58,2,1,0
BRDA:113,3,0,0
BRDA:113,3,1,0
BRDA:128,4,0,0
BRDA:128,4,1,0
BRDA:132,5,0,0
BRDA:132,5,1,0
BRDA:188,6,0,0
BRDA:188,6,1,0
BRDA:210,7,0,0
BRDA:210,7,1,0
BRDA:210,7,2,0
BRF:17
BRH:2
end_of_record
